
> truffle-client@0.1.0 start
> react-scripts --openssl-legacy-provider start

[34mℹ[39m [90m｢wds｣[39m: Project is running at http://192.168.0.192/
[34mℹ[39m [90m｢wds｣[39m: webpack output is served from 
[34mℹ[39m [90m｢wds｣[39m: Content not from webpack is served from /home/nft/yangcheon_summer/client/public
[34mℹ[39m [90m｢wds｣[39m: 404s will fallback to /
Starting the development server...

Compiled with warnings.

src/components/Minting.js
  Line 2:18:    'parse' is defined but never used                                                                                      no-unused-vars
  Line 5:8:     'NftDetail' is defined but never used                                                                                  no-unused-vars
  Line 12:8:    'NftList' is defined but never used                                                                                    no-unused-vars
  Line 39:7:    'Opacitydiv' is assigned a value but never used                                                                        no-unused-vars
  Line 73:10:   'nftList' is assigned a value but never used                                                                           no-unused-vars
  Line 74:10:   'nftDetail' is assigned a value but never used                                                                         no-unused-vars
  Line 74:21:   'setNftdetail' is assigned a value but never used                                                                      no-unused-vars
  Line 153:6:   React Hook useEffect has a missing dependency: 'loadBlockchainData'. Either include it or remove the dependency array  react-hooks/exhaustive-deps
  Line 242:13:  'from' is assigned a value but never used                                                                              no-unused-vars

src/pages/NftDetail.js
  Line 7:8:   'Web3' is defined but never used                                                                            no-unused-vars
  Line 9:8:   'Minting' is defined but never used                                                                         no-unused-vars
  Line 42:6:  React Hook useEffect has a missing dependency: 'tokenid'. Either include it or remove the dependency array  react-hooks/exhaustive-deps
  Line 90:9:  'ItemName' is assigned a value but never used                                                               no-unused-vars

Search for the keywords to learn more about each warning.
To ignore, add // eslint-disable-next-line to the line before.


> truffle-client@0.1.0 start
> react-scripts --openssl-legacy-provider start

Something is already running on port 3001.

> truffle-client@0.1.0 start
> react-scripts --openssl-legacy-provider start

Something is already running on port 3001.

> truffle-client@0.1.0 start
> react-scripts --openssl-legacy-provider start

[34mℹ[39m [90m｢wds｣[39m: Project is running at http://192.168.0.192/
[34mℹ[39m [90m｢wds｣[39m: webpack output is served from 
[34mℹ[39m [90m｢wds｣[39m: Content not from webpack is served from /home/nft/yangcheon_summer/client/public
[34mℹ[39m [90m｢wds｣[39m: 404s will fallback to /
Starting the development server...

Compiled with warnings.

src/components/Minting.js
  Line 2:18:    'parse' is defined but never used                                                                                      no-unused-vars
  Line 5:8:     'NftDetail' is defined but never used                                                                                  no-unused-vars
  Line 12:8:    'NftList' is defined but never used                                                                                    no-unused-vars
  Line 39:7:    'Opacitydiv' is assigned a value but never used                                                                        no-unused-vars
  Line 73:10:   'nftList' is assigned a value but never used                                                                           no-unused-vars
  Line 74:10:   'nftDetail' is assigned a value but never used                                                                         no-unused-vars
  Line 74:21:   'setNftdetail' is assigned a value but never used                                                                      no-unused-vars
  Line 153:6:   React Hook useEffect has a missing dependency: 'loadBlockchainData'. Either include it or remove the dependency array  react-hooks/exhaustive-deps
  Line 242:13:  'from' is assigned a value but never used                                                                              no-unused-vars

src/pages/NftDetail.js
  Line 7:8:   'Web3' is defined but never used                                                                            no-unused-vars
  Line 9:8:   'Minting' is defined but never used                                                                         no-unused-vars
  Line 42:6:  React Hook useEffect has a missing dependency: 'tokenid'. Either include it or remove the dependency array  react-hooks/exhaustive-deps
  Line 90:9:  'ItemName' is assigned a value but never used                                                               no-unused-vars

Search for the keywords to learn more about each warning.
To ignore, add // eslint-disable-next-line to the line before.


> truffle-client@0.1.0 start
> react-scripts --openssl-legacy-provider start

Something is already running on port 3001.
